Building DAG of jobs...
Building DAG of jobs...
Using shell: /usr/bin/bash
Provided cores: 15
Rules claiming more threads will be scaled down.
Job stats:
job                    count    min threads    max threads
-------------------  -------  -------------  -------------
all                        1              1              1
clean_raw_reads            7              5              5
get_host_references        1              5              5
total                      9              1              5

Select jobs to execute...

[Tue Oct  8 15:16:49 2024]
rule clean_raw_reads:
    input: /projects/raw_lab/projects/Bats/bat_gut_micro/data/raw/shotgun/raw-080913-2-mc-sg_R1_001.fastq.gz, /projects/raw_lab/projects/Bats/bat_gut_micro/data/raw/shotgun/raw-080913-2-mc-sg_R2_001.fastq.gz
    output: /projects/raw_lab/projects/Bats/bat_gut_micro/data/tmp/temp_080913-2-mc-sg_1.fastq.gz, /projects/raw_lab/projects/Bats/bat_gut_micro/data/tmp/temp_080913-2-mc-sg_2.fastq.gz, /projects/raw_lab/projects/Bats/bat_gut_micro/data/tmp/080913-2-mc-sg_1.fastq.gz, /projects/raw_lab/projects/Bats/bat_gut_micro/data/tmp/080913-2-mc-sg_2.fastq.gz
    log: /projects/raw_lab/projects/Bats/bat_gut_micro/workflow/logs/bbduk_080913-2-mc-sg.log
    jobid: 8
    wildcards: sample=080913-2-mc
    threads: 5
    resources: tmpdir=/tmp

Activating conda environment: /projects/raw_lab/projects/Bats/bat_gut_micro/workflow/.snakemake/conda/1dff3349dd707a6ee427fa7584a84a89

[Tue Oct  8 15:16:49 2024]
rule clean_raw_reads:
    input: /projects/raw_lab/projects/Bats/bat_gut_micro/data/raw/shotgun/raw-080813-19-pd-sg_R1_001.fastq.gz, /projects/raw_lab/projects/Bats/bat_gut_micro/data/raw/shotgun/raw-080813-19-pd-sg_R2_001.fastq.gz
    output: /projects/raw_lab/projects/Bats/bat_gut_micro/data/tmp/temp_080813-19-pd-sg_1.fastq.gz, /projects/raw_lab/projects/Bats/bat_gut_micro/data/tmp/temp_080813-19-pd-sg_2.fastq.gz, /projects/raw_lab/projects/Bats/bat_gut_micro/data/tmp/080813-19-pd-sg_1.fastq.gz, /projects/raw_lab/projects/Bats/bat_gut_micro/data/tmp/080813-19-pd-sg_2.fastq.gz
    log: /projects/raw_lab/projects/Bats/bat_gut_micro/workflow/logs/bbduk_080813-19-pd-sg.log
    jobid: 6
    wildcards: sample=080813-19-pd
    threads: 5
    resources: tmpdir=/tmp

Activating conda environment: /projects/raw_lab/projects/Bats/bat_gut_micro/workflow/.snakemake/conda/1dff3349dd707a6ee427fa7584a84a89

[Tue Oct  8 15:16:50 2024]
rule clean_raw_reads:
    input: /projects/raw_lab/projects/Bats/bat_gut_micro/data/raw/shotgun/raw-080913-7-ph-sg_R1_001.fastq.gz, /projects/raw_lab/projects/Bats/bat_gut_micro/data/raw/shotgun/raw-080913-7-ph-sg_R2_001.fastq.gz
    output: /projects/raw_lab/projects/Bats/bat_gut_micro/data/tmp/temp_080913-7-ph-sg_1.fastq.gz, /projects/raw_lab/projects/Bats/bat_gut_micro/data/tmp/temp_080913-7-ph-sg_2.fastq.gz, /projects/raw_lab/projects/Bats/bat_gut_micro/data/tmp/080913-7-ph-sg_1.fastq.gz, /projects/raw_lab/projects/Bats/bat_gut_micro/data/tmp/080913-7-ph-sg_2.fastq.gz
    log: /projects/raw_lab/projects/Bats/bat_gut_micro/workflow/logs/bbduk_080913-7-ph-sg.log
    jobid: 9
    wildcards: sample=080913-7-ph
    threads: 5
    resources: tmpdir=/tmp

Activating conda environment: /projects/raw_lab/projects/Bats/bat_gut_micro/workflow/.snakemake/conda/1dff3349dd707a6ee427fa7584a84a89
Waiting at most 5 seconds for missing files.
MissingOutputException in line 9 of /projects/raw_lab/projects/Bats/bat_gut_micro/workflow/rules/readQC.smk:
Job Missing files after 5 seconds:
/projects/raw_lab/projects/Bats/bat_gut_micro/data/tmp/080913-7-ph-sg_1.fastq.gz
/projects/raw_lab/projects/Bats/bat_gut_micro/data/tmp/080913-7-ph-sg_2.fastq.gz
This might be due to filesystem latency. If that is the case, consider to increase the wait time with --latency-wait.
Job id: 9 completed successfully, but some output files are missing. 9
Removing output files of failed job clean_raw_reads since they might be corrupted:
/projects/raw_lab/projects/Bats/bat_gut_micro/data/tmp/temp_080913-7-ph-sg_1.fastq.gz, /projects/raw_lab/projects/Bats/bat_gut_micro/data/tmp/temp_080913-7-ph-sg_2.fastq.gz
Waiting at most 5 seconds for missing files.
MissingOutputException in line 9 of /projects/raw_lab/projects/Bats/bat_gut_micro/workflow/rules/readQC.smk:
Job Missing files after 5 seconds:
/projects/raw_lab/projects/Bats/bat_gut_micro/data/tmp/temp_080913-7-ph-sg_1.fastq.gz
/projects/raw_lab/projects/Bats/bat_gut_micro/data/tmp/temp_080913-7-ph-sg_2.fastq.gz
/projects/raw_lab/projects/Bats/bat_gut_micro/data/tmp/080913-7-ph-sg_1.fastq.gz
/projects/raw_lab/projects/Bats/bat_gut_micro/data/tmp/080913-7-ph-sg_2.fastq.gz
This might be due to filesystem latency. If that is the case, consider to increase the wait time with --latency-wait.
Job id: 9 completed successfully, but some output files are missing. 9
Traceback (most recent call last):
  File "/users/troger50/.conda/envs/snakemake/lib/python3.10/site-packages/snakemake/dag.py", line 493, in check_and_touch_output
    wait_for_files(
  File "/users/troger50/.conda/envs/snakemake/lib/python3.10/site-packages/snakemake/io.py", line 824, in wait_for_files
    raise IOError(
OSError: Missing files after 5 seconds:
/projects/raw_lab/projects/Bats/bat_gut_micro/data/tmp/temp_080913-7-ph-sg_1.fastq.gz
/projects/raw_lab/projects/Bats/bat_gut_micro/data/tmp/temp_080913-7-ph-sg_2.fastq.gz
/projects/raw_lab/projects/Bats/bat_gut_micro/data/tmp/080913-7-ph-sg_1.fastq.gz
/projects/raw_lab/projects/Bats/bat_gut_micro/data/tmp/080913-7-ph-sg_2.fastq.gz

During handling of the above exception, another exception occurred:

Traceback (most recent call last):
  File "/users/troger50/.conda/envs/snakemake/lib/python3.10/site-packages/snakemake/scheduler.py", line 529, in _finish_jobs
    self.get_executor(job).handle_job_success(job)
  File "/users/troger50/.conda/envs/snakemake/lib/python3.10/site-packages/snakemake/executors/__init__.py", line 614, in handle_job_success
    super().handle_job_success(job)
  File "/users/troger50/.conda/envs/snakemake/lib/python3.10/site-packages/snakemake/executors/__init__.py", line 265, in handle_job_success
    job.postprocess(
  File "/users/troger50/.conda/envs/snakemake/lib/python3.10/site-packages/snakemake/jobs.py", line 1017, in postprocess
    self.dag.check_and_touch_output(
  File "/users/troger50/.conda/envs/snakemake/lib/python3.10/site-packages/snakemake/dag.py", line 500, in check_and_touch_output
    raise MissingOutputException(
snakemake.exceptions.MissingOutputException: Job Missing files after 5 seconds:
/projects/raw_lab/projects/Bats/bat_gut_micro/data/tmp/temp_080913-7-ph-sg_1.fastq.gz
/projects/raw_lab/projects/Bats/bat_gut_micro/data/tmp/temp_080913-7-ph-sg_2.fastq.gz
/projects/raw_lab/projects/Bats/bat_gut_micro/data/tmp/080913-7-ph-sg_1.fastq.gz
/projects/raw_lab/projects/Bats/bat_gut_micro/data/tmp/080913-7-ph-sg_2.fastq.gz
This might be due to filesystem latency. If that is the case, consider to increase the wait time with --latency-wait.
Job id: 9 completed successfully, but some output files are missing. 9

During handling of the above exception, another exception occurred:

Traceback (most recent call last):
  File "/users/troger50/.conda/envs/snakemake/lib/python3.10/site-packages/snakemake/__init__.py", line 699, in snakemake
    success = workflow.execute(
  File "/users/troger50/.conda/envs/snakemake/lib/python3.10/site-packages/snakemake/workflow.py", line 1073, in execute
    success = self.scheduler.schedule()
  File "/users/troger50/.conda/envs/snakemake/lib/python3.10/site-packages/snakemake/scheduler.py", line 440, in schedule
    self._finish_jobs()
  File "/users/troger50/.conda/envs/snakemake/lib/python3.10/site-packages/snakemake/scheduler.py", line 534, in _finish_jobs
    self._handle_error(job)
  File "/users/troger50/.conda/envs/snakemake/lib/python3.10/site-packages/snakemake/scheduler.py", line 615, in _handle_error
    self.running.remove(job)
KeyError: clean_raw_reads
